INFO [2022-07-17 20:50:48] $x
INFO [2022-07-17 20:50:48] list(paper_df_ann$ensembl.transcript, embryo_df_tissues$ensembl.transcript, 
INFO [2022-07-17 20:50:48]     diff_genes_ann_0.01$ensembl.transcript)
INFO [2022-07-17 20:50:48] 
INFO [2022-07-17 20:50:48] $category.names
INFO [2022-07-17 20:50:48] c("data from paper", "our TRA data", "our diff. data")
INFO [2022-07-17 20:50:48] 
INFO [2022-07-17 20:50:48] $filename
INFO [2022-07-17 20:50:48] [1] "venn_diagramm_comparison_paper.png"
INFO [2022-07-17 20:50:48] 
INFO [2022-07-17 20:50:48] $output
INFO [2022-07-17 20:50:48] [1] TRUE
INFO [2022-07-17 20:50:48] 
INFO [2022-07-17 20:50:48] $imagetype
INFO [2022-07-17 20:50:48] [1] "png"
INFO [2022-07-17 20:50:48] 
INFO [2022-07-17 20:50:48] $height
INFO [2022-07-17 20:50:48] [1] 1000
INFO [2022-07-17 20:50:48] 
INFO [2022-07-17 20:50:48] $width
INFO [2022-07-17 20:50:48] [1] 1000
INFO [2022-07-17 20:50:48] 
INFO [2022-07-17 20:50:48] $resolution
INFO [2022-07-17 20:50:48] [1] 300
INFO [2022-07-17 20:50:48] 
INFO [2022-07-17 20:50:48] $compression
INFO [2022-07-17 20:50:48] [1] "lzw"
INFO [2022-07-17 20:50:48] 
INFO [2022-07-17 20:50:48] $col
INFO [2022-07-17 20:50:48] [1] "black"
INFO [2022-07-17 20:50:48] 
INFO [2022-07-17 20:50:48] $fill
INFO [2022-07-17 20:50:48] colors
INFO [2022-07-17 20:50:48] 
INFO [2022-07-17 20:50:48] $cat.col
INFO [2022-07-17 20:50:48] colors
INFO [2022-07-17 20:50:48] 
INFO [2022-07-17 20:50:48] $cat.cex
INFO [2022-07-17 20:50:48] [1] 1.4
INFO [2022-07-17 20:50:48] 
INFO [2022-07-17 20:50:48] $cat.pos
INFO [2022-07-17 20:50:48] c(350, 10, 0)
INFO [2022-07-17 20:50:48] 
INFO [2022-07-17 20:50:48] $main
INFO [2022-07-17 20:50:48] [1] "Venn diagramm of differentially expressed genes\nfrom our TRA data and data of the original paper"
INFO [2022-07-17 20:50:48] 
