INFO [2022-07-17 23:35:39] $x
INFO [2022-07-17 23:35:39] list(paper_df_ann$ensembl.transcript, embryo_df_tissues$ensembl.transcript, 
INFO [2022-07-17 23:35:39]     diff_genes_ann_0.01$ensembl.transcript)
INFO [2022-07-17 23:35:39] 
INFO [2022-07-17 23:35:39] $category.names
INFO [2022-07-17 23:35:39] c("data from paper", "our TRA data", "our diff. data")
INFO [2022-07-17 23:35:39] 
INFO [2022-07-17 23:35:39] $filename
INFO [2022-07-17 23:35:39] [1] "venn_diagramm_comparison_paper.png"
INFO [2022-07-17 23:35:39] 
INFO [2022-07-17 23:35:39] $output
INFO [2022-07-17 23:35:39] [1] TRUE
INFO [2022-07-17 23:35:39] 
INFO [2022-07-17 23:35:39] $imagetype
INFO [2022-07-17 23:35:39] [1] "png"
INFO [2022-07-17 23:35:39] 
INFO [2022-07-17 23:35:39] $height
INFO [2022-07-17 23:35:39] [1] 1000
INFO [2022-07-17 23:35:39] 
INFO [2022-07-17 23:35:39] $width
INFO [2022-07-17 23:35:39] [1] 1000
INFO [2022-07-17 23:35:39] 
INFO [2022-07-17 23:35:39] $resolution
INFO [2022-07-17 23:35:39] [1] 300
INFO [2022-07-17 23:35:39] 
INFO [2022-07-17 23:35:39] $compression
INFO [2022-07-17 23:35:39] [1] "lzw"
INFO [2022-07-17 23:35:39] 
INFO [2022-07-17 23:35:39] $col
INFO [2022-07-17 23:35:39] [1] "black"
INFO [2022-07-17 23:35:39] 
INFO [2022-07-17 23:35:39] $fill
INFO [2022-07-17 23:35:39] colors
INFO [2022-07-17 23:35:39] 
INFO [2022-07-17 23:35:39] $cat.col
INFO [2022-07-17 23:35:39] colors
INFO [2022-07-17 23:35:39] 
INFO [2022-07-17 23:35:39] $cat.cex
INFO [2022-07-17 23:35:39] [1] 1.4
INFO [2022-07-17 23:35:39] 
INFO [2022-07-17 23:35:39] $cat.pos
INFO [2022-07-17 23:35:39] c(350, 10, 0)
INFO [2022-07-17 23:35:39] 
INFO [2022-07-17 23:35:39] $main
INFO [2022-07-17 23:35:39] [1] "Venn diagramm of differentially expressed transcripts\nfrom our TRA data and data of the original paper"
INFO [2022-07-17 23:35:39] 
