INFO [2022-07-17 22:19:49] $x
INFO [2022-07-17 22:19:49] list(paper_df_ann$ensembl.transcript, embryo_df_tissues$ensembl.transcript, 
INFO [2022-07-17 22:19:49]     diff_genes_ann_0.01$ensembl.transcript)
INFO [2022-07-17 22:19:49] 
INFO [2022-07-17 22:19:49] $category.names
INFO [2022-07-17 22:19:49] c("data from paper", "our TRA data", "our diff. data")
INFO [2022-07-17 22:19:49] 
INFO [2022-07-17 22:19:49] $filename
INFO [2022-07-17 22:19:49] [1] "venn_diagramm_comparison_paper.png"
INFO [2022-07-17 22:19:49] 
INFO [2022-07-17 22:19:49] $output
INFO [2022-07-17 22:19:49] [1] TRUE
INFO [2022-07-17 22:19:49] 
INFO [2022-07-17 22:19:49] $imagetype
INFO [2022-07-17 22:19:49] [1] "png"
INFO [2022-07-17 22:19:49] 
INFO [2022-07-17 22:19:49] $height
INFO [2022-07-17 22:19:49] [1] 1000
INFO [2022-07-17 22:19:49] 
INFO [2022-07-17 22:19:49] $width
INFO [2022-07-17 22:19:49] [1] 1000
INFO [2022-07-17 22:19:49] 
INFO [2022-07-17 22:19:49] $resolution
INFO [2022-07-17 22:19:49] [1] 300
INFO [2022-07-17 22:19:49] 
INFO [2022-07-17 22:19:49] $compression
INFO [2022-07-17 22:19:49] [1] "lzw"
INFO [2022-07-17 22:19:49] 
INFO [2022-07-17 22:19:49] $col
INFO [2022-07-17 22:19:49] [1] "black"
INFO [2022-07-17 22:19:49] 
INFO [2022-07-17 22:19:49] $fill
INFO [2022-07-17 22:19:49] colors
INFO [2022-07-17 22:19:49] 
INFO [2022-07-17 22:19:49] $cat.col
INFO [2022-07-17 22:19:49] colors
INFO [2022-07-17 22:19:49] 
INFO [2022-07-17 22:19:49] $cat.cex
INFO [2022-07-17 22:19:49] [1] 1.4
INFO [2022-07-17 22:19:49] 
INFO [2022-07-17 22:19:49] $cat.pos
INFO [2022-07-17 22:19:49] c(350, 10, 0)
INFO [2022-07-17 22:19:49] 
INFO [2022-07-17 22:19:49] $main
INFO [2022-07-17 22:19:49] [1] "Venn diagramm of differentially expressed genes\nfrom our TRA data and data of the original paper"
INFO [2022-07-17 22:19:49] 
