INFO [2022-07-18 02:33:05] $x
INFO [2022-07-18 02:33:05] list(paper_df_ann$ensembl.transcript, embryo_df_tissues$ensembl.transcript, 
INFO [2022-07-18 02:33:05]     diff_genes_ann_0.01$ensembl.transcript)
INFO [2022-07-18 02:33:05] 
INFO [2022-07-18 02:33:05] $category.names
INFO [2022-07-18 02:33:05] c("data from paper", "our TRA data", "our diff. data")
INFO [2022-07-18 02:33:05] 
INFO [2022-07-18 02:33:05] $filename
INFO [2022-07-18 02:33:05] [1] "venn_diagram_comparison_paper.png"
INFO [2022-07-18 02:33:05] 
INFO [2022-07-18 02:33:05] $output
INFO [2022-07-18 02:33:05] [1] TRUE
INFO [2022-07-18 02:33:05] 
INFO [2022-07-18 02:33:05] $imagetype
INFO [2022-07-18 02:33:05] [1] "png"
INFO [2022-07-18 02:33:05] 
INFO [2022-07-18 02:33:05] $height
INFO [2022-07-18 02:33:05] [1] 1000
INFO [2022-07-18 02:33:05] 
INFO [2022-07-18 02:33:05] $width
INFO [2022-07-18 02:33:05] [1] 1000
INFO [2022-07-18 02:33:05] 
INFO [2022-07-18 02:33:05] $resolution
INFO [2022-07-18 02:33:05] [1] 300
INFO [2022-07-18 02:33:05] 
INFO [2022-07-18 02:33:05] $compression
INFO [2022-07-18 02:33:05] [1] "lzw"
INFO [2022-07-18 02:33:05] 
INFO [2022-07-18 02:33:05] $col
INFO [2022-07-18 02:33:05] [1] "black"
INFO [2022-07-18 02:33:05] 
INFO [2022-07-18 02:33:05] $fill
INFO [2022-07-18 02:33:05] colors
INFO [2022-07-18 02:33:05] 
INFO [2022-07-18 02:33:05] $cat.col
INFO [2022-07-18 02:33:05] colors
INFO [2022-07-18 02:33:05] 
INFO [2022-07-18 02:33:05] $cat.cex
INFO [2022-07-18 02:33:05] [1] 1.4
INFO [2022-07-18 02:33:05] 
INFO [2022-07-18 02:33:05] $cat.pos
INFO [2022-07-18 02:33:05] c(350, 10, 0)
INFO [2022-07-18 02:33:05] 
INFO [2022-07-18 02:33:05] $main
INFO [2022-07-18 02:33:05] [1] "Venn diagram of\n differentially expressed transcripts"
INFO [2022-07-18 02:33:05] 
