INFO [2022-07-18 02:36:21] $x
INFO [2022-07-18 02:36:21] list(paper_df_ann$ensembl.transcript, embryo_df_tissues$ensembl.transcript, 
INFO [2022-07-18 02:36:21]     diff_genes_ann_0.01$ensembl.transcript)
INFO [2022-07-18 02:36:21] 
INFO [2022-07-18 02:36:21] $category.names
INFO [2022-07-18 02:36:21] c("data from paper", "our TRA data", "our diff. data")
INFO [2022-07-18 02:36:21] 
INFO [2022-07-18 02:36:21] $filename
INFO [2022-07-18 02:36:21] [1] "venn_diagram_comparison_paper.png"
INFO [2022-07-18 02:36:21] 
INFO [2022-07-18 02:36:21] $output
INFO [2022-07-18 02:36:21] [1] TRUE
INFO [2022-07-18 02:36:21] 
INFO [2022-07-18 02:36:21] $imagetype
INFO [2022-07-18 02:36:21] [1] "png"
INFO [2022-07-18 02:36:21] 
INFO [2022-07-18 02:36:21] $height
INFO [2022-07-18 02:36:21] [1] 1000
INFO [2022-07-18 02:36:21] 
INFO [2022-07-18 02:36:21] $width
INFO [2022-07-18 02:36:21] [1] 1000
INFO [2022-07-18 02:36:21] 
INFO [2022-07-18 02:36:21] $resolution
INFO [2022-07-18 02:36:21] [1] 300
INFO [2022-07-18 02:36:21] 
INFO [2022-07-18 02:36:21] $compression
INFO [2022-07-18 02:36:21] [1] "lzw"
INFO [2022-07-18 02:36:21] 
INFO [2022-07-18 02:36:21] $col
INFO [2022-07-18 02:36:21] [1] "black"
INFO [2022-07-18 02:36:21] 
INFO [2022-07-18 02:36:21] $fill
INFO [2022-07-18 02:36:21] colors
INFO [2022-07-18 02:36:21] 
INFO [2022-07-18 02:36:21] $cat.col
INFO [2022-07-18 02:36:21] colors
INFO [2022-07-18 02:36:21] 
INFO [2022-07-18 02:36:21] $cat.cex
INFO [2022-07-18 02:36:21] [1] 1.4
INFO [2022-07-18 02:36:21] 
INFO [2022-07-18 02:36:21] $cat.pos
INFO [2022-07-18 02:36:21] c(350, 10, 0)
INFO [2022-07-18 02:36:21] 
INFO [2022-07-18 02:36:21] $main
INFO [2022-07-18 02:36:21] [1] "Venn diagram of \n differentially expressed transcripts"
INFO [2022-07-18 02:36:21] 
INFO [2022-07-18 02:36:21] $main.fontface
INFO [2022-07-18 02:36:21] [1] "bold"
INFO [2022-07-18 02:36:21] 
