INFO [2022-07-17 21:10:14] $x
INFO [2022-07-17 21:10:14] list(paper_df_ann$ensembl.transcript, embryo_df_tissues$ensembl.transcript, 
INFO [2022-07-17 21:10:14]     diff_genes_ann_0.01$ensembl.transcript)
INFO [2022-07-17 21:10:14] 
INFO [2022-07-17 21:10:14] $category.names
INFO [2022-07-17 21:10:14] c("data from paper", "our TRA data", "our diff. data")
INFO [2022-07-17 21:10:14] 
INFO [2022-07-17 21:10:14] $filename
INFO [2022-07-17 21:10:14] [1] "venn_diagramm_comparison_paper.png"
INFO [2022-07-17 21:10:14] 
INFO [2022-07-17 21:10:14] $output
INFO [2022-07-17 21:10:14] [1] TRUE
INFO [2022-07-17 21:10:14] 
INFO [2022-07-17 21:10:14] $imagetype
INFO [2022-07-17 21:10:14] [1] "png"
INFO [2022-07-17 21:10:14] 
INFO [2022-07-17 21:10:14] $height
INFO [2022-07-17 21:10:14] [1] 1000
INFO [2022-07-17 21:10:14] 
INFO [2022-07-17 21:10:14] $width
INFO [2022-07-17 21:10:14] [1] 1000
INFO [2022-07-17 21:10:14] 
INFO [2022-07-17 21:10:14] $resolution
INFO [2022-07-17 21:10:14] [1] 300
INFO [2022-07-17 21:10:14] 
INFO [2022-07-17 21:10:14] $compression
INFO [2022-07-17 21:10:14] [1] "lzw"
INFO [2022-07-17 21:10:14] 
INFO [2022-07-17 21:10:14] $col
INFO [2022-07-17 21:10:14] [1] "black"
INFO [2022-07-17 21:10:14] 
INFO [2022-07-17 21:10:14] $fill
INFO [2022-07-17 21:10:14] colors
INFO [2022-07-17 21:10:14] 
INFO [2022-07-17 21:10:14] $cat.col
INFO [2022-07-17 21:10:14] colors
INFO [2022-07-17 21:10:14] 
INFO [2022-07-17 21:10:14] $cat.cex
INFO [2022-07-17 21:10:14] [1] 1.4
INFO [2022-07-17 21:10:14] 
INFO [2022-07-17 21:10:14] $cat.pos
INFO [2022-07-17 21:10:14] c(350, 10, 0)
INFO [2022-07-17 21:10:14] 
INFO [2022-07-17 21:10:14] $main
INFO [2022-07-17 21:10:14] [1] "Venn diagramm of differentially expressed genes\nfrom our TRA data and data of the original paper"
INFO [2022-07-17 21:10:14] 
