INFO [2022-07-18 02:34:09] $x
INFO [2022-07-18 02:34:09] list(paper_df_ann$ensembl.transcript, embryo_df_tissues$ensembl.transcript, 
INFO [2022-07-18 02:34:09]     diff_genes_ann_0.01$ensembl.transcript)
INFO [2022-07-18 02:34:09] 
INFO [2022-07-18 02:34:09] $category.names
INFO [2022-07-18 02:34:09] c("data from paper", "our TRA data", "our diff. data")
INFO [2022-07-18 02:34:09] 
INFO [2022-07-18 02:34:09] $filename
INFO [2022-07-18 02:34:09] [1] "venn_diagram_comparison_paper.png"
INFO [2022-07-18 02:34:09] 
INFO [2022-07-18 02:34:09] $output
INFO [2022-07-18 02:34:09] [1] TRUE
INFO [2022-07-18 02:34:09] 
INFO [2022-07-18 02:34:09] $imagetype
INFO [2022-07-18 02:34:09] [1] "png"
INFO [2022-07-18 02:34:09] 
INFO [2022-07-18 02:34:09] $height
INFO [2022-07-18 02:34:09] [1] 1000
INFO [2022-07-18 02:34:09] 
INFO [2022-07-18 02:34:09] $width
INFO [2022-07-18 02:34:09] [1] 1000
INFO [2022-07-18 02:34:09] 
INFO [2022-07-18 02:34:09] $resolution
INFO [2022-07-18 02:34:09] [1] 300
INFO [2022-07-18 02:34:09] 
INFO [2022-07-18 02:34:09] $compression
INFO [2022-07-18 02:34:09] [1] "lzw"
INFO [2022-07-18 02:34:09] 
INFO [2022-07-18 02:34:09] $col
INFO [2022-07-18 02:34:09] [1] "black"
INFO [2022-07-18 02:34:09] 
INFO [2022-07-18 02:34:09] $fill
INFO [2022-07-18 02:34:09] colors
INFO [2022-07-18 02:34:09] 
INFO [2022-07-18 02:34:09] $cat.col
INFO [2022-07-18 02:34:09] colors
INFO [2022-07-18 02:34:09] 
INFO [2022-07-18 02:34:09] $cat.cex
INFO [2022-07-18 02:34:09] [1] 1.4
INFO [2022-07-18 02:34:09] 
INFO [2022-07-18 02:34:09] $cat.pos
INFO [2022-07-18 02:34:09] c(350, 10, 0)
INFO [2022-07-18 02:34:09] 
INFO [2022-07-18 02:34:09] $main
INFO [2022-07-18 02:34:09] [1] "Venn diagram of\n differentially expressed transcripts"
INFO [2022-07-18 02:34:09] 
